2024-02-21 20:54:18|INFO|log|User[14]|Estudante selecionado
2024-02-21 20:54:20|INFO|log|User[14]|Executando Phase01
2024-02-21 20:54:20|INFO|log|User[14]|Executando Phase01-Tutorial
2024-02-21 20:54:24|INFO|log|User[14]|Responder desafio
2024-02-21 20:54:25|INFO|draw_matrix_board|
========================
| 4| 0| 0| 0| 0| 0| 0|
------------------------
| 0| 0| 0| 0| 3| 0| 0|
------------------------
| 0| 0| 0| 0| 0| 0| 0|
------------------------
| 0| 0| 0| 0| 0| 0| 0|
------------------------
| 0| 0| 0| 0| 0| 0| 0|
------------------------
| 0| 0| 0| 0| 0| 0| 0|
------------------------
| 0| 0| 0| 0| 0| 0| 0|
========================

2024-02-21 20:54:25|INFO|log|User[14]|Expressão [2+7=9]
2024-02-21 20:54:25|INFO|log|User[14]|Result [9]
2024-02-21 20:54:25|INFO|evaluate|Fase [1]| Regra disparada [Mais de um numero]
2024-02-21 20:54:25|INFO|not_valid|A regra Mais de um numero disparou a funçao not_valid
2024-02-21 20:54:25|INFO|evaluate|Fase [1]| Regra disparada [Mais de um numero]
2024-02-21 20:54:25|INFO|__add_error_in_wm__|A regra Mais de um numero disparou a funçao error_rule_deficiency
2024-02-21 20:54:25|INFO|log|User[14]|Executando Phase01-Feedback
2024-02-21 20:54:25|INFO|log|User[14]|[RESPONSE]
 {'step': 1, 'reaction_time': 0, 'reaction_time_without_pauses': 0, 'paused_counter': 0, 'tips_counter': 0, 'max_time': 60, 'start_time': None, 'end_time': None, 'affective_state': '', 'affective_quad': '', 'type_error': 'Diretamente identificáveis', 'subtype_error': 'Erro de deficiência de regra, teorema ou definição', 'icc': 0, 'number01': 2, 'operator01': '+', 'number02': 7, 'operator02': '', 'number03': 0, 'expected_result': 9, 'informed_result': 3, 'is_correct': False}
2024-02-21 20:54:25|INFO|evaluate|Fase [1]| Regra disparada [Baixa eficiência]
2024-02-21 20:54:25|INFO|decrease_inhibitory_control|Atual Student ICC: 0
2024-02-21 20:54:25|INFO|decrease_inhibitory_control|Novo Student ICC: 0
2024-02-21 20:54:26|INFO|run||Facial|EXPRESSION[]:QUAD[QN]:VALENCE[None]:AROUSAL[None]
2024-02-21 20:55:14|INFO|log|User[14]|Acesso a dicas
2024-02-21 20:55:23|INFO|log|User[14]|Acesso a dicas
