2024-02-09 22:25:19|INFO|log|User[1]|Estudante selecionado
2024-02-09 22:25:19|INFO|log|User[1]|Executando Phase01
2024-02-09 22:25:20|INFO|log|User[1]|Executando Phase01-Tutorial
2024-02-09 22:25:23|INFO|log|User[1]|[TIMER] - Reset
2024-02-09 22:25:25|INFO|log|User[1]|Responder desafio
2024-02-09 22:25:26|INFO|draw_matrix_board|
========================
| 0| 0| 0| 0| 0| 0| 0|
------------------------
| 0| 0| 0| 0| 0| 0| 0|
------------------------
| 0| 0| 0| 0| 0| 0| 0|
------------------------
| 0| 0| 0| 0| 0| 0| 0|
------------------------
| 0| 0| 0| 0| 0| 0| 0|
------------------------
| 0| 0| 0| 0| 0| 0| 0|
------------------------
| 0| 0| 0| 0| 0| 0| 0|
========================

2024-02-09 22:25:26|INFO|log|User[1]|Expressão [3-1=2]
2024-02-09 22:25:26|INFO|log|User[1]|Result [2]
2024-02-09 22:25:26|INFO|evaluate|Fase [1]| Regra disparada [Nenhum numero]
2024-02-09 22:25:26|INFO|not_valid|A regra Nenhum numero disparou a funçao not_valid
2024-02-09 22:25:26|INFO|log|User[1]|Executando Phase01-Feedback
2024-02-09 22:25:27|INFO|log|User[1]|[RESPONSE]
 {'step': 1, 'reaction_time': 1.982979, 'reaction_time_without_pauses': 1.982979, 'paused_counter': 0, 'tips_counter': 0, 'max_time': 60, 'start_time': datetime.datetime(2024, 2, 9, 22, 25, 23, 623524), 'end_time': datetime.datetime(2024, 2, 9, 22, 25, 25, 606503), 'affective_state': '', 'affective_quad': '', 'type_error': 'Expressão não válida', 'subtype_error': '', 'icc': 1, 'number01': 3, 'operator01': '-', 'number02': 1, 'operator02': '', 'number03': 0, 'expected_result': 2, 'informed_result': 0, 'is_correct': False}
2024-02-09 22:25:27|INFO|evaluate|Fase [1]| Regra disparada [Baixa eficiência]
2024-02-09 22:25:27|INFO|decrease_inhibitory_control|Atual Student ICC: 1
2024-02-09 22:25:27|INFO|decrease_inhibitory_control|Novo Student ICC: 0
2024-02-09 22:25:29|INFO|run||Facial|EXPRESSION[anger]:QUAD[Q2]:VALENCE[-0.24053996801376343]:AROUSAL[0.27986323833465576]
2024-02-09 22:25:55|INFO|log|User[1]|Responder desafio
2024-02-09 22:25:56|INFO|draw_matrix_board|
========================
| 0| 0| 0| 0| 0| 0| 0|
------------------------
| 0| 0| 0| 0| 0| 0| 0|
------------------------
| 0| 0| 0| 0| 0| 0| 0|
------------------------
| 0| 0| 0| 0| 0| 0| 0|
------------------------
| 0| 0| 0| 0| 0| 0| 0|
------------------------
| 0| 0| 0| 0| 0| 0| 0|
------------------------
| 0| 0| 0| 0| 0| 0| 0|
========================

2024-02-09 22:25:56|INFO|log|User[1]|Expressão [7-6=1]
2024-02-09 22:25:56|INFO|log|User[1]|Result [1]
2024-02-09 22:25:56|INFO|evaluate|Fase [1]| Regra disparada [Nenhum numero]
2024-02-09 22:25:56|INFO|not_valid|A regra Nenhum numero disparou a funçao not_valid
2024-02-09 22:25:56|INFO|log|User[1]|Executando Phase01-Feedback
2024-02-09 22:25:56|INFO|log|User[1]|[RESPONSE]
 {'step': 2, 'reaction_time': 5.093339, 'reaction_time_without_pauses': 5.093339, 'paused_counter': 0, 'tips_counter': 0, 'max_time': 60, 'start_time': datetime.datetime(2024, 2, 9, 22, 25, 50, 476721), 'end_time': datetime.datetime(2024, 2, 9, 22, 25, 55, 570060), 'affective_state': '', 'affective_quad': '', 'type_error': 'Expressão não válida', 'subtype_error': '', 'icc': 0, 'number01': 7, 'operator01': '-', 'number02': 6, 'operator02': '', 'number03': 0, 'expected_result': 1, 'informed_result': 0, 'is_correct': False}
2024-02-09 22:25:57|INFO|evaluate|Fase [1]| Regra disparada [Insistir no mesmo erro]
2024-02-09 22:25:57|INFO|decrease_inhibitory_control|Atual Student ICC: 0
2024-02-09 22:25:57|INFO|decrease_inhibitory_control|Novo Student ICC: 0
2024-02-09 22:25:57|INFO|evaluate|Fase [1]| Regra disparada [Baixa eficiência]
2024-02-09 22:25:57|INFO|decrease_inhibitory_control|Atual Student ICC: 0
2024-02-09 22:25:57|INFO|decrease_inhibitory_control|Novo Student ICC: 0
2024-02-09 22:25:58|INFO|run||Facial|EXPRESSION[contempt]:QUAD[Q2]:VALENCE[-0.13473603129386902]:AROUSAL[0.2271786630153656]
2024-02-09 22:27:07|INFO|log|User[1]|Estudante selecionado
2024-02-09 22:27:07|INFO|log|User[1]|Executando Phase01
2024-02-09 22:27:08|INFO|log|User[1]|Executando Phase01-Tutorial
2024-02-09 22:27:18|INFO|log|User[1]|Responder desafio
2024-02-09 22:27:19|INFO|draw_matrix_board|
========================
| 0| 0| 0| 0| 0| 0| 0|
------------------------
| 0| 0| 0| 0| 0| 0| 0|
------------------------
| 0| 0| 0| 0| 0| 0| 0|
------------------------
| 0| 0| 0| 4| 0| 0| 0|
------------------------
| 0| 0| 0| 0| 0| 0| 0|
------------------------
| 0| 0| 0| 0| 0| 0| 0|
------------------------
| 0| 0| 0| 0| 0| 0| 0|
========================

2024-02-09 22:27:19|INFO|log|User[1]|Expressão [1+3=4]
2024-02-09 22:27:19|INFO|log|User[1]|Result [4]
2024-02-09 22:27:19|INFO|evaluate|Fase [1]| Regra disparada [Apenas um numero]
2024-02-09 22:27:19|INFO|valid|A regra Apenas um numero disparou a funçao valid
2024-02-09 22:27:19|INFO|evaluate|Fase [1]| Regra disparada [Resposta correta]
2024-02-09 22:27:19|INFO|correct|A regra Resposta correta disparou a funçao correct
2024-02-09 22:27:19|INFO|log|User[1]|Executando Phase01-Feedback
2024-02-09 22:27:19|INFO|log|User[1]|[RESPONSE]
 {'step': 1, 'reaction_time': 0, 'reaction_time_without_pauses': 0, 'paused_counter': 0, 'tips_counter': 0, 'max_time': 60, 'start_time': None, 'end_time': None, 'affective_state': '', 'affective_quad': '', 'type_error': '', 'subtype_error': '', 'icc': 0, 'number01': 1, 'operator01': '+', 'number02': 3, 'operator02': '', 'number03': 0, 'expected_result': 4, 'informed_result': 4, 'is_correct': True}
2024-02-09 22:27:19|INFO|evaluate|Fase [1]| Regra disparada [Alta eficiência]
2024-02-09 22:27:19|INFO|increase_inhibitory_control|Atual Student ICC: 0
2024-02-09 22:27:19|INFO|increase_inhibitory_control|Novo Student ICC: 1
2024-02-09 22:27:19|INFO|log|User[1]|[TIMER] - Reset
2024-02-09 22:27:21|INFO|run||Facial|EXPRESSION[fear]:QUAD[Q2]:VALENCE[-0.1318395435810089]:AROUSAL[0.20698438584804535]
2024-02-09 22:27:22|INFO|log|User[1]|[TIMER] - Reset
2024-02-09 22:28:21|INFO|log|User[1]|[TIMER] - Acabou o tempo
2024-02-09 22:28:21|INFO|log|User[1]|[RESPONSE]
{'step': 2, 'reaction_time': 59.016052, 'reaction_time_without_pauses': 59.016052, 'paused_counter': 0, 'tips_counter': 0, 'max_time': 60, 'start_time': datetime.datetime(2024, 2, 9, 22, 27, 22, 467374), 'end_time': datetime.datetime(2024, 2, 9, 22, 28, 21, 483426), 'affective_state': '', 'affective_quad': '', 'type_error': 'Tempo excedido', 'subtype_error': '', 'number01': 6, 'operator01': '-', 'number02': 1, 'operator02': '', 'number03': 0, 'expected_result': 5, 'informed_result': -1, 'is_correct': False, 'icc': 1}
2024-02-09 22:28:21|INFO|evaluate|Fase [1]| Regra disparada [Eficiência média]
2024-02-09 22:28:21|INFO|medium_inhibitory_control|Atual Student ICC: 1
2024-02-09 22:28:21|INFO|medium_inhibitory_control|Novo Student ICC: 1
2024-02-09 22:28:23|INFO|run||Facial|EXPRESSION[neutral]:QUAD[QN]:VALENCE[-0.0846228301525116]:AROUSAL[0.20592156052589417]
2024-02-09 22:28:51|INFO|log|User[1]|[TIMER] - Reset
2024-02-09 22:28:59|INFO|log|User[1]|Responder desafio
2024-02-09 22:29:00|INFO|draw_matrix_board|
========================
| 0| 0| 0| 0| 0| 0| 0|
------------------------
| 0| 0| 0| 0| 0| 0| 0|
------------------------
| 0| 0| 0| 0| 0| 0| 0|
------------------------
| 0| 0| 0| 1| 0| 0| 0|
------------------------
| 0| 0| 0| 0| 0| 0| 0|
------------------------
| 0| 0| 0| 0| 0| 0| 0|
------------------------
| 0| 0| 0| 0| 0| 0| 0|
========================

2024-02-09 22:29:00|INFO|log|User[1]|Expressão [6-5=1]
2024-02-09 22:29:00|INFO|log|User[1]|Result [1]
2024-02-09 22:29:00|INFO|evaluate|Fase [1]| Regra disparada [Apenas um numero]
2024-02-09 22:29:00|INFO|valid|A regra Apenas um numero disparou a funçao valid
2024-02-09 22:29:00|INFO|evaluate|Fase [1]| Regra disparada [Resposta correta]
2024-02-09 22:29:00|INFO|correct|A regra Resposta correta disparou a funçao correct
2024-02-09 22:29:00|INFO|log|User[1]|Executando Phase01-Feedback
2024-02-09 22:29:00|INFO|log|User[1]|[RESPONSE]
 {'step': 3, 'reaction_time': 7.591335, 'reaction_time_without_pauses': 7.591335, 'paused_counter': 0, 'tips_counter': 0, 'max_time': 60, 'start_time': datetime.datetime(2024, 2, 9, 22, 28, 51, 459452), 'end_time': datetime.datetime(2024, 2, 9, 22, 28, 59, 50787), 'affective_state': '', 'affective_quad': '', 'type_error': '', 'subtype_error': '', 'icc': 1, 'number01': 6, 'operator01': '-', 'number02': 5, 'operator02': '', 'number03': 0, 'expected_result': 1, 'informed_result': 1, 'is_correct': True}
2024-02-09 22:29:00|INFO|evaluate|Fase [1]| Regra disparada [Alta eficiência]
2024-02-09 22:29:00|INFO|increase_inhibitory_control|Atual Student ICC: 1
2024-02-09 22:29:00|INFO|increase_inhibitory_control|Novo Student ICC: 2
2024-02-09 22:29:00|INFO|log|User[1]|[TIMER] - Reset
2024-02-09 22:29:01|INFO|run||Facial|EXPRESSION[sad]:QUAD[Q3]:VALENCE[-0.11614608764648438]:AROUSAL[0.19588464498519897]
2024-02-09 22:29:03|INFO|log|User[1]|[TIMER] - Reset
2024-02-09 22:29:32|INFO|log|User[1]|[TIMER] - Acabou o tempo
2024-02-09 22:29:32|INFO|log|User[1]|[RESPONSE]
{'step': 4, 'reaction_time': 29.012249, 'reaction_time_without_pauses': 29.012249, 'paused_counter': 0, 'tips_counter': 0, 'max_time': 60, 'start_time': datetime.datetime(2024, 2, 9, 22, 29, 3, 202653), 'end_time': datetime.datetime(2024, 2, 9, 22, 29, 32, 214902), 'affective_state': '', 'affective_quad': '', 'type_error': 'Tempo excedido', 'subtype_error': '', 'number01': 2, 'operator01': '-', 'number02': 1, 'operator02': '', 'number03': 0, 'expected_result': 1, 'informed_result': -1, 'is_correct': False, 'icc': 2}
2024-02-09 22:29:32|INFO|evaluate|Fase [1]| Regra disparada [Eficiência média]
2024-02-09 22:29:32|INFO|medium_inhibitory_control|Atual Student ICC: 2
2024-02-09 22:29:32|INFO|medium_inhibitory_control|Novo Student ICC: 2
2024-02-09 22:29:34|INFO|run||Facial|EXPRESSION[happy]:QUAD[Q1]:VALENCE[-0.11399361491203308]:AROUSAL[0.2578870356082916]
2024-02-09 22:29:49|INFO|log|User[1]|[TIMER] - Reset
2024-02-09 22:29:54|INFO|log|User[1]|Responder desafio
2024-02-09 22:29:55|INFO|draw_matrix_board|
========================
| 0| 0| 0| 0| 0| 0| 0|
------------------------
| 0| 0| 0| 0| 0| 0| 0|
------------------------
| 0| 0| 0| 0| 0| 0| 0|
------------------------
| 0| 0| 0| 8| 0| 0| 0|
------------------------
| 0| 0| 0| 0| 0| 0| 0|
------------------------
| 0| 0| 0| 0| 0| 0| 0|
------------------------
| 0| 0| 0| 0| 0| 0| 0|
========================

2024-02-09 22:29:55|INFO|log|User[1]|Expressão [7+1=8]
2024-02-09 22:29:55|INFO|log|User[1]|Result [8]
2024-02-09 22:29:55|INFO|evaluate|Fase [1]| Regra disparada [Apenas um numero]
2024-02-09 22:29:55|INFO|valid|A regra Apenas um numero disparou a funçao valid
2024-02-09 22:29:55|INFO|evaluate|Fase [1]| Regra disparada [Resposta correta]
2024-02-09 22:29:55|INFO|correct|A regra Resposta correta disparou a funçao correct
2024-02-09 22:29:55|INFO|log|User[1]|Executando Phase01-Feedback
2024-02-09 22:29:55|INFO|log|User[1]|[RESPONSE]
 {'step': 5, 'reaction_time': 4.694829, 'reaction_time_without_pauses': 4.694829, 'paused_counter': 0, 'tips_counter': 0, 'max_time': 60, 'start_time': datetime.datetime(2024, 2, 9, 22, 29, 49, 705436), 'end_time': datetime.datetime(2024, 2, 9, 22, 29, 54, 400265), 'affective_state': '', 'affective_quad': '', 'type_error': '', 'subtype_error': '', 'icc': 2, 'number01': 7, 'operator01': '+', 'number02': 1, 'operator02': '', 'number03': 0, 'expected_result': 8, 'informed_result': 8, 'is_correct': True}
2024-02-09 22:29:55|INFO|evaluate|Fase [1]| Regra disparada [Eficiência média]
2024-02-09 22:29:55|INFO|medium_inhibitory_control|Atual Student ICC: 2
2024-02-09 22:29:55|INFO|medium_inhibitory_control|Novo Student ICC: 1
2024-02-09 22:29:55|INFO|log|User[1]|[TIMER] - Reset
2024-02-09 22:29:57|INFO|run||Facial|EXPRESSION[anger]:QUAD[Q2]:VALENCE[-0.09136265516281128]:AROUSAL[0.22945347428321838]
2024-02-09 22:30:07|INFO|log|User[1]|[TIMER] - Reset
